<?xml version="1.0" encoding="UTF-8"?>
<testng-results skipped="0" failed="0" total="1" passed="1">
  <reporter-output>
  </reporter-output>
  <suite name="Default suite" duration-ms="12135" started-at="2022-04-09T14:40:21Z" finished-at="2022-04-09T14:40:33Z">
    <groups>
    </groups>
    <test name="Default test" duration-ms="12135" started-at="2022-04-09T14:40:21Z" finished-at="2022-04-09T14:40:33Z">
      <class name="testCases.LoginTest">
        <test-method status="PASS" signature="login_Zoho()[pri:0, instance:testCases.LoginTest@4bec1f0c]" name="login_Zoho" duration-ms="12117" started-at="2022-04-09T20:10:21Z" finished-at="2022-04-09T20:10:33Z">
          <reporter-output>
          </reporter-output>
        </test-method> <!-- login_Zoho -->
      </class> <!-- testCases.LoginTest -->
    </test> <!-- Default test -->
  </suite> <!-- Default suite -->
</testng-results>
